<?xml version="1.0" encoding="UTF-8"?>
<coverage generated="1505914851">
  <project timestamp="1505914851">
    <package name="Gandung\Psr7">
      <file name="/Users/rvn.plvhx/learn/php/psr7-http-message/src/FileStream.php">
        <class name="FileStream" namespace="Gandung\Psr7">
          <metrics complexity="5" methods="1" coveredmethods="1" conditionals="0" coveredconditionals="0" statements="15" coveredstatements="15" elements="16" coveredelements="16"/>
        </class>
        <line num="31" type="method" name="__construct" visibility="public" complexity="5" crap="5" count="44"/>
        <line num="33" type="stmt" count="44"/>
        <line num="34" type="stmt" count="1"/>
        <line num="35" type="stmt" count="1"/>
        <line num="36" type="stmt" count="1"/>
        <line num="39" type="stmt" count="43"/>
        <line num="40" type="stmt" count="43"/>
        <line num="42" type="stmt" count="43"/>
        <line num="43" type="stmt" count="1"/>
        <line num="44" type="stmt" count="1"/>
        <line num="45" type="stmt" count="1"/>
        <line num="48" type="stmt" count="42"/>
        <line num="49" type="stmt" count="42"/>
        <line num="50" type="stmt" count="42"/>
        <line num="51" type="stmt" count="42"/>
        <line num="52" type="stmt" count="42"/>
        <metrics loc="52" ncloc="40" classes="1" methods="1" coveredmethods="1" conditionals="0" coveredconditionals="0" statements="15" coveredstatements="15" elements="16" coveredelements="16"/>
      </file>
      <file name="/Users/rvn.plvhx/learn/php/psr7-http-message/src/MessageTrait.php">
        <class name="MessageTrait" namespace="Gandung\Psr7">
          <metrics complexity="22" methods="13" coveredmethods="12" conditionals="0" coveredconditionals="0" statements="50" coveredstatements="46" elements="63" coveredelements="58"/>
        </class>
        <line num="27" type="method" name="getProtocolVersion" visibility="public" complexity="1" crap="1" count="4"/>
        <line num="29" type="stmt" count="4"/>
        <line num="35" type="method" name="withProtocolVersion" visibility="public" complexity="2" crap="2" count="3"/>
        <line num="37" type="stmt" count="3"/>
        <line num="38" type="stmt" count="1"/>
        <line num="40" type="stmt" count="1"/>
        <line num="43" type="stmt" count="2"/>
        <line num="44" type="stmt" count="2"/>
        <line num="46" type="stmt" count="2"/>
        <line num="52" type="method" name="getHeaders" visibility="public" complexity="1" crap="1" count="2"/>
        <line num="54" type="stmt" count="2"/>
        <line num="60" type="method" name="hasHeader" visibility="public" complexity="1" crap="1" count="12"/>
        <line num="62" type="stmt" count="12"/>
        <line num="64" type="stmt" count="12"/>
        <line num="65" type="stmt" count="12"/>
        <line num="67" type="stmt" count="11"/>
        <line num="68" type="stmt" count="12"/>
        <line num="70" type="stmt" count="12"/>
        <line num="76" type="method" name="getHeader" visibility="public" complexity="2" crap="2" count="10"/>
        <line num="78" type="stmt" count="10"/>
        <line num="79" type="stmt" count="2"/>
        <line num="82" type="stmt" count="8"/>
        <line num="84" type="stmt" count="8"/>
        <line num="90" type="method" name="getHeaderLine" visibility="public" complexity="2" crap="2" count="8"/>
        <line num="92" type="stmt" count="8"/>
        <line num="94" type="stmt" count="8"/>
        <line num="95" type="stmt" count="8"/>
        <line num="96" type="stmt" count="8"/>
        <line num="102" type="method" name="withHeader" visibility="public" complexity="1" crap="1" count="2"/>
        <line num="104" type="stmt" count="2"/>
        <line num="105" type="stmt" count="2"/>
        <line num="107" type="stmt" count="2"/>
        <line num="113" type="method" name="withAddedHeader" visibility="public" complexity="4" crap="4.59" count="2"/>
        <line num="115" type="stmt" count="2"/>
        <line num="116" type="stmt" count="2"/>
        <line num="118" type="stmt" count="2"/>
        <line num="119" type="stmt" count="0"/>
        <line num="120" type="stmt" count="0"/>
        <line num="121" type="stmt" count="0"/>
        <line num="122" type="stmt" count="0"/>
        <line num="123" type="stmt" count="2"/>
        <line num="124" type="stmt" count="2"/>
        <line num="125" type="stmt" count="2"/>
        <line num="126" type="stmt" count="2"/>
        <line num="129" type="stmt" count="2"/>
        <line num="135" type="method" name="withoutHeader" visibility="public" complexity="1" crap="1" count="2"/>
        <line num="137" type="stmt" count="2"/>
        <line num="138" type="stmt" count="2"/>
        <line num="139" type="stmt" count="2"/>
        <line num="141" type="stmt" count="2"/>
        <line num="147" type="method" name="getBody" visibility="public" complexity="1" crap="1" count="4"/>
        <line num="149" type="stmt" count="4"/>
        <line num="155" type="method" name="withBody" visibility="public" complexity="1" crap="1" count="2"/>
        <line num="157" type="stmt" count="2"/>
        <line num="158" type="stmt" count="2"/>
        <line num="160" type="stmt" count="2"/>
        <line num="163" type="method" name="validateProtocolVersion" visibility="protected" complexity="3" crap="3" count="3"/>
        <line num="165" type="stmt" count="3"/>
        <line num="166" type="stmt" count="3"/>
        <line num="167" type="stmt" count="3"/>
        <line num="172" type="method" name="anonymous function" complexity="1" crap="1" count="10"/>
        <line num="173" type="stmt" count="10"/>
        <line num="174" type="stmt" count="10"/>
        <line num="176" type="stmt" count="10"/>
        <metrics loc="177" ncloc="135" classes="1" methods="13" coveredmethods="12" conditionals="0" coveredconditionals="0" statements="51" coveredstatements="47" elements="64" coveredelements="59"/>
      </file>
      <file name="/Users/rvn.plvhx/learn/php/psr7-http-message/src/PhpInputStream.php">
        <class name="PhpInputStream" namespace="Gandung\Psr7">
          <metrics complexity="9" methods="5" coveredmethods="3" conditionals="0" coveredconditionals="0" statements="26" coveredstatements="23" elements="31" coveredelements="26"/>
        </class>
        <line num="36" type="method" name="__construct" visibility="public" complexity="3" crap="3" count="19"/>
        <line num="38" type="stmt" count="19"/>
        <line num="39" type="stmt" count="19"/>
        <line num="40" type="stmt" count="19"/>
        <line num="41" type="stmt" count="19"/>
        <line num="42" type="stmt" count="19"/>
        <line num="43" type="stmt" count="19"/>
        <line num="44" type="stmt" count="19"/>
        <line num="45" type="stmt" count="19"/>
        <line num="46" type="stmt" count="19"/>
        <line num="51" type="method" name="__toString" visibility="public" complexity="2" crap="2.06" count="3"/>
        <line num="53" type="stmt" count="3"/>
        <line num="54" type="stmt" count="0"/>
        <line num="57" type="stmt" count="3"/>
        <line num="59" type="stmt" count="3"/>
        <line num="65" type="method" name="isWritable" visibility="public" complexity="1" crap="1" count="1"/>
        <line num="67" type="stmt" count="1"/>
        <line num="73" type="method" name="read" visibility="public" complexity="2" crap="2.26" count="1"/>
        <line num="75" type="stmt" count="1"/>
        <line num="77" type="stmt" count="1"/>
        <line num="78" type="stmt" count="0"/>
        <line num="79" type="stmt" count="0"/>
        <line num="81" type="stmt" count="1"/>
        <line num="87" type="method" name="getContents" visibility="public" complexity="1" crap="1" count="3"/>
        <line num="89" type="stmt" count="3"/>
        <line num="90" type="stmt" count="3"/>
        <line num="91" type="stmt" count="3"/>
        <line num="92" type="stmt" count="3"/>
        <line num="93" type="stmt" count="3"/>
        <line num="95" type="stmt" count="3"/>
        <line num="97" type="stmt" count="3"/>
        <metrics loc="98" ncloc="71" classes="1" methods="5" coveredmethods="3" conditionals="0" coveredconditionals="0" statements="26" coveredstatements="23" elements="31" coveredelements="26"/>
      </file>
      <file name="/Users/rvn.plvhx/learn/php/psr7-http-message/src/PhpTempStream.php">
        <class name="PhpTempStream" namespace="Gandung\Psr7">
          <metrics complexity="4" methods="1" coveredmethods="0" conditionals="0" coveredconditionals="0" statements="12" coveredstatements="10" elements="13" coveredelements="10"/>
        </class>
        <line num="31" type="method" name="__construct" visibility="public" complexity="4" crap="4.07" count="30"/>
        <line num="33" type="stmt" count="30"/>
        <line num="35" type="stmt" count="30"/>
        <line num="36" type="stmt" count="0"/>
        <line num="38" type="stmt" count="0"/>
        <line num="41" type="stmt" count="30"/>
        <line num="42" type="stmt" count="30"/>
        <line num="43" type="stmt" count="30"/>
        <line num="44" type="stmt" count="30"/>
        <line num="45" type="stmt" count="30"/>
        <line num="46" type="stmt" count="30"/>
        <line num="47" type="stmt" count="30"/>
        <line num="48" type="stmt" count="30"/>
        <metrics loc="48" ncloc="36" classes="1" methods="1" coveredmethods="0" conditionals="0" coveredconditionals="0" statements="12" coveredstatements="10" elements="13" coveredelements="10"/>
      </file>
      <file name="/Users/rvn.plvhx/learn/php/psr7-http-message/src/Request.php">
        <class name="Request" namespace="Gandung\Psr7">
          <metrics complexity="4" methods="1" coveredmethods="0" conditionals="0" coveredconditionals="0" statements="11" coveredstatements="10" elements="12" coveredelements="10"/>
        </class>
        <line num="29" type="method" name="__construct" visibility="public" complexity="4" crap="4.01" count="19"/>
        <line num="31" type="stmt" count="19"/>
        <line num="32" type="stmt" count="19"/>
        <line num="33" type="stmt" count="19"/>
        <line num="34" type="stmt" count="19"/>
        <line num="35" type="stmt" count="19"/>
        <line num="36" type="stmt" count="19"/>
        <line num="37" type="stmt" count="19"/>
        <line num="38" type="stmt" count="0"/>
        <line num="39" type="stmt" count="19"/>
        <line num="40" type="stmt" count="19"/>
        <line num="41" type="stmt" count="19"/>
        <metrics loc="41" ncloc="32" classes="1" methods="1" coveredmethods="0" conditionals="0" coveredconditionals="0" statements="11" coveredstatements="10" elements="12" coveredelements="10"/>
      </file>
      <file name="/Users/rvn.plvhx/learn/php/psr7-http-message/src/RequestTrait.php">
        <class name="RequestTrait" namespace="Gandung\Psr7">
          <metrics complexity="20" methods="8" coveredmethods="5" conditionals="0" coveredconditionals="0" statements="59" coveredstatements="55" elements="67" coveredelements="60"/>
        </class>
        <line num="12" type="method" name="getRequestTarget" visibility="public" complexity="5" crap="5.09" count="3"/>
        <line num="14" type="stmt" count="3"/>
        <line num="15" type="stmt" count="2"/>
        <line num="18" type="stmt" count="1"/>
        <line num="19" type="stmt" count="1"/>
        <line num="21" type="stmt" count="1"/>
        <line num="22" type="stmt" count="1"/>
        <line num="23" type="stmt" count="1"/>
        <line num="25" type="stmt" count="1"/>
        <line num="27" type="stmt" count="1"/>
        <line num="28" type="stmt" count="0"/>
        <line num="29" type="stmt" count="0"/>
        <line num="32" type="stmt" count="1"/>
        <line num="33" type="stmt" count="1"/>
        <line num="39" type="method" name="withRequestTarget" visibility="public" complexity="1" crap="1" count="2"/>
        <line num="41" type="stmt" count="2"/>
        <line num="42" type="stmt" count="2"/>
        <line num="44" type="stmt" count="2"/>
        <line num="50" type="method" name="getMethod" visibility="public" complexity="1" crap="1" count="2"/>
        <line num="52" type="stmt" count="2"/>
        <line num="58" type="method" name="withMethod" visibility="public" complexity="1" crap="1" count="1"/>
        <line num="60" type="stmt" count="1"/>
        <line num="61" type="stmt" count="1"/>
        <line num="63" type="stmt" count="1"/>
        <line num="69" type="method" name="getUri" visibility="public" complexity="1" crap="1" count="2"/>
        <line num="71" type="stmt" count="2"/>
        <line num="77" type="method" name="withUri" visibility="public" complexity="5" crap="5" count="1"/>
        <line num="79" type="stmt" count="1"/>
        <line num="80" type="stmt" count="1"/>
        <line num="82" type="stmt" count="1"/>
        <line num="84" type="stmt" count="1"/>
        <line num="85" type="stmt" count="1"/>
        <line num="87" type="stmt" count="1"/>
        <line num="88" type="stmt" count="1"/>
        <line num="89" type="stmt" count="1"/>
        <line num="90" type="stmt" count="1"/>
        <line num="91" type="stmt" count="1"/>
        <line num="92" type="stmt" count="1"/>
        <line num="93" type="stmt" count="1"/>
        <line num="94" type="stmt" count="1"/>
        <line num="95" type="stmt" count="1"/>
        <line num="96" type="stmt" count="1"/>
        <line num="97" type="stmt" count="1"/>
        <line num="98" type="stmt" count="1"/>
        <line num="99" type="stmt" count="1"/>
        <line num="102" type="stmt" count="1"/>
        <line num="108" type="method" name="rearrangeHostHeaderKey" visibility="private" complexity="3" crap="3.01" count="1"/>
        <line num="110" type="stmt" count="1"/>
        <line num="111" type="stmt" count="1"/>
        <line num="114" type="stmt" count="1"/>
        <line num="115" type="stmt" count="1"/>
        <line num="116" type="stmt" count="1"/>
        <line num="118" type="stmt" count="1"/>
        <line num="119" type="stmt" count="0"/>
        <line num="122" type="stmt" count="1"/>
        <line num="124" type="stmt" count="1"/>
        <line num="125" type="stmt" count="1"/>
        <line num="131" type="method" name="changeHostFromUri" visibility="private" complexity="3" crap="3.01" count="1"/>
        <line num="133" type="stmt" count="1"/>
        <line num="135" type="stmt" count="1"/>
        <line num="136" type="stmt" count="0"/>
        <line num="139" type="stmt" count="1"/>
        <line num="140" type="stmt" count="1"/>
        <line num="141" type="stmt" count="1"/>
        <line num="143" type="stmt" count="1"/>
        <line num="145" type="stmt" count="1"/>
        <line num="146" type="stmt" count="1"/>
        <metrics loc="146" ncloc="121" classes="1" methods="8" coveredmethods="5" conditionals="0" coveredconditionals="0" statements="59" coveredstatements="55" elements="67" coveredelements="60"/>
      </file>
      <file name="/Users/rvn.plvhx/learn/php/psr7-http-message/src/Response.php">
        <class name="Response" namespace="Gandung\Psr7">
          <metrics complexity="10" methods="4" coveredmethods="2" conditionals="0" coveredconditionals="0" statements="30" coveredstatements="24" elements="34" coveredelements="26"/>
        </class>
        <line num="90" type="method" name="__construct" visibility="public" complexity="4" crap="4.04" count="14"/>
        <line num="92" type="stmt" count="14"/>
        <line num="93" type="stmt" count="14"/>
        <line num="94" type="stmt" count="14"/>
        <line num="95" type="stmt" count="14"/>
        <line num="97" type="stmt" count="14"/>
        <line num="98" type="stmt" count="14"/>
        <line num="100" type="stmt" count="14"/>
        <line num="101" type="stmt" count="14"/>
        <line num="102" type="stmt" count="14"/>
        <line num="103" type="stmt" count="0"/>
        <line num="104" type="stmt" count="0"/>
        <line num="106" type="stmt" count="14"/>
        <line num="107" type="stmt" count="14"/>
        <line num="108" type="stmt" count="14"/>
        <line num="109" type="stmt" count="14"/>
        <line num="114" type="method" name="getStatusCode" visibility="public" complexity="1" crap="1" count="2"/>
        <line num="116" type="stmt" count="2"/>
        <line num="122" type="method" name="withStatus" visibility="public" complexity="3" crap="3.43" count="1"/>
        <line num="124" type="stmt" count="1"/>
        <line num="126" type="stmt" count="1"/>
        <line num="127" type="stmt" count="0"/>
        <line num="128" type="stmt" count="0"/>
        <line num="129" type="stmt" count="0"/>
        <line num="132" type="stmt" count="1"/>
        <line num="133" type="stmt" count="1"/>
        <line num="134" type="stmt" count="1"/>
        <line num="135" type="stmt" count="1"/>
        <line num="136" type="stmt" count="0"/>
        <line num="138" type="stmt" count="1"/>
        <line num="141" type="method" name="getReasonPhrase" visibility="public" complexity="2" crap="2" count="2"/>
        <line num="143" type="stmt" count="2"/>
        <line num="144" type="stmt" count="2"/>
        <line num="145" type="stmt" count="2"/>
        <metrics loc="146" ncloc="131" classes="1" methods="4" coveredmethods="2" conditionals="0" coveredconditionals="0" statements="30" coveredstatements="24" elements="34" coveredelements="26"/>
      </file>
      <file name="/Users/rvn.plvhx/learn/php/psr7-http-message/src/ServerRequest.php">
        <class name="ServerRequest" namespace="Gandung\Psr7">
          <metrics complexity="17" methods="14" coveredmethods="13" conditionals="0" coveredconditionals="0" statements="41" coveredstatements="39" elements="55" coveredelements="52"/>
        </class>
        <line num="56" type="method" name="__construct" visibility="public" complexity="3" crap="3.03" count="14"/>
        <line num="67" type="stmt" count="14"/>
        <line num="68" type="stmt" count="14"/>
        <line num="69" type="stmt" count="14"/>
        <line num="70" type="stmt" count="14"/>
        <line num="71" type="stmt" count="14"/>
        <line num="72" type="stmt" count="14"/>
        <line num="73" type="stmt" count="14"/>
        <line num="74" type="stmt" count="14"/>
        <line num="75" type="stmt" count="14"/>
        <line num="76" type="stmt" count="14"/>
        <line num="77" type="stmt" count="14"/>
        <line num="78" type="stmt" count="0"/>
        <line num="79" type="stmt" count="0"/>
        <line num="80" type="stmt" count="14"/>
        <line num="85" type="method" name="getServerParams" visibility="public" complexity="1" crap="1" count="1"/>
        <line num="87" type="stmt" count="1"/>
        <line num="93" type="method" name="getCookieParams" visibility="public" complexity="1" crap="1" count="2"/>
        <line num="95" type="stmt" count="2"/>
        <line num="101" type="method" name="withCookieParams" visibility="public" complexity="1" crap="1" count="1"/>
        <line num="103" type="stmt" count="1"/>
        <line num="104" type="stmt" count="1"/>
        <line num="106" type="stmt" count="1"/>
        <line num="112" type="method" name="getQueryParams" visibility="public" complexity="1" crap="1" count="2"/>
        <line num="114" type="stmt" count="2"/>
        <line num="120" type="method" name="withQueryParams" visibility="public" complexity="1" crap="1" count="1"/>
        <line num="122" type="stmt" count="1"/>
        <line num="123" type="stmt" count="1"/>
        <line num="125" type="stmt" count="1"/>
        <line num="131" type="method" name="getUploadedFiles" visibility="public" complexity="1" crap="1" count="2"/>
        <line num="133" type="stmt" count="2"/>
        <line num="139" type="method" name="withUploadedFiles" visibility="public" complexity="1" crap="1" count="1"/>
        <line num="141" type="stmt" count="1"/>
        <line num="142" type="stmt" count="1"/>
        <line num="144" type="stmt" count="1"/>
        <line num="150" type="method" name="getParsedBody" visibility="public" complexity="1" crap="1" count="2"/>
        <line num="152" type="stmt" count="2"/>
        <line num="158" type="method" name="withParsedBody" visibility="public" complexity="1" crap="1" count="1"/>
        <line num="160" type="stmt" count="1"/>
        <line num="161" type="stmt" count="1"/>
        <line num="163" type="stmt" count="1"/>
        <line num="169" type="method" name="getAttributes" visibility="public" complexity="1" crap="1" count="1"/>
        <line num="171" type="stmt" count="1"/>
        <line num="177" type="method" name="getAttribute" visibility="public" complexity="2" crap="2" count="3"/>
        <line num="179" type="stmt" count="3"/>
        <line num="180" type="stmt" count="2"/>
        <line num="183" type="stmt" count="2"/>
        <line num="189" type="method" name="withAttribute" visibility="public" complexity="1" crap="1" count="2"/>
        <line num="191" type="stmt" count="2"/>
        <line num="192" type="stmt" count="2"/>
        <line num="194" type="stmt" count="2"/>
        <line num="200" type="method" name="withoutAttribute" visibility="public" complexity="1" crap="1" count="1"/>
        <line num="202" type="stmt" count="1"/>
        <line num="203" type="stmt" count="1"/>
        <line num="205" type="stmt" count="1"/>
        <metrics loc="206" ncloc="140" classes="1" methods="14" coveredmethods="13" conditionals="0" coveredconditionals="0" statements="41" coveredstatements="39" elements="55" coveredelements="52"/>
      </file>
      <file name="/Users/rvn.plvhx/learn/php/psr7-http-message/src/ServerRequestFactory.php">
        <class name="ServerRequestFactory" namespace="Gandung\Psr7">
          <metrics complexity="34" methods="6" coveredmethods="4" conditionals="0" coveredconditionals="0" statements="84" coveredstatements="73" elements="90" coveredelements="77"/>
        </class>
        <line num="11" type="method" name="createFromGlobals" visibility="public" complexity="9" crap="9" count="14"/>
        <line num="18" type="stmt" count="14"/>
        <line num="19" type="stmt" count="14"/>
        <line num="20" type="stmt" count="14"/>
        <line num="22" type="stmt" count="14"/>
        <line num="23" type="stmt" count="14"/>
        <line num="24" type="stmt" count="14"/>
        <line num="25" type="stmt" count="14"/>
        <line num="26" type="stmt" count="14"/>
        <line num="27" type="stmt" count="14"/>
        <line num="28" type="stmt" count="14"/>
        <line num="29" type="stmt" count="14"/>
        <line num="31" type="stmt" count="14"/>
        <line num="40" type="method" name="aggregateHeaderFromServer" visibility="private" complexity="8" crap="8" count="14"/>
        <line num="42" type="stmt" count="14"/>
        <line num="44" type="stmt" count="14"/>
        <line num="45" type="stmt" count="14"/>
        <line num="46" type="stmt" count="14"/>
        <line num="48" type="stmt" count="14"/>
        <line num="49" type="stmt" count="14"/>
        <line num="50" type="stmt" count="14"/>
        <line num="52" type="stmt" count="14"/>
        <line num="53" type="stmt" count="14"/>
        <line num="54" type="stmt" count="14"/>
        <line num="56" type="stmt" count="14"/>
        <line num="57" type="stmt" count="14"/>
        <line num="58" type="stmt" count="14"/>
        <line num="60" type="stmt" count="14"/>
        <line num="61" type="stmt" count="14"/>
        <line num="62" type="stmt" count="14"/>
        <line num="64" type="stmt" count="14"/>
        <line num="65" type="stmt" count="14"/>
        <line num="66" type="stmt" count="14"/>
        <line num="68" type="stmt" count="14"/>
        <line num="69" type="stmt" count="14"/>
        <line num="70" type="stmt" count="14"/>
        <line num="72" type="stmt" count="14"/>
        <line num="81" type="method" name="aggregateHttpProtocolVersionFromServer" visibility="private" complexity="3" crap="12" count="0"/>
        <line num="83" type="stmt" count="0"/>
        <line num="84" type="stmt" count="0"/>
        <line num="87" type="stmt" count="0"/>
        <line num="89" type="stmt" count="0"/>
        <line num="90" type="stmt" count="0"/>
        <line num="93" type="stmt" count="0"/>
        <line num="102" type="method" name="aggregateUriFromServer" visibility="private" complexity="6" crap="6" count="14"/>
        <line num="104" type="stmt" count="14"/>
        <line num="106" type="stmt" count="14"/>
        <line num="107" type="stmt" count="14"/>
        <line num="109" type="stmt" count="14"/>
        <line num="110" type="stmt" count="14"/>
        <line num="111" type="stmt" count="14"/>
        <line num="113" type="stmt" count="14"/>
        <line num="114" type="stmt" count="14"/>
        <line num="115" type="stmt" count="14"/>
        <line num="117" type="stmt" count="14"/>
        <line num="118" type="stmt" count="14"/>
        <line num="120" type="stmt" count="14"/>
        <line num="121" type="stmt" count="14"/>
        <line num="122" type="stmt" count="14"/>
        <line num="123" type="stmt" count="14"/>
        <line num="125" type="stmt" count="14"/>
        <line num="126" type="stmt" count="14"/>
        <line num="127" type="stmt" count="14"/>
        <line num="129" type="stmt" count="14"/>
        <line num="132" type="method" name="normalizeUploadedFile" visibility="public" complexity="6" crap="8.05" count="14"/>
        <line num="134" type="stmt" count="14"/>
        <line num="136" type="stmt" count="14"/>
        <line num="137" type="stmt" count="14"/>
        <line num="138" type="stmt" count="0"/>
        <line num="139" type="stmt" count="0"/>
        <line num="142" type="stmt" count="14"/>
        <line num="143" type="stmt" count="14"/>
        <line num="144" type="stmt" count="14"/>
        <line num="147" type="stmt" count="0"/>
        <line num="148" type="stmt" count="0"/>
        <line num="149" type="stmt" count="0"/>
        <line num="151" type="stmt" count="14"/>
        <line num="153" type="stmt" count="14"/>
        <line num="156" type="method" name="createNestedUploadedFile" visibility="private" complexity="2" crap="2" count="14"/>
        <line num="158" type="stmt" count="14"/>
        <line num="160" type="stmt" count="14"/>
        <line num="161" type="stmt" count="14"/>
        <line num="162" type="stmt" count="14"/>
        <line num="163" type="stmt" count="14"/>
        <line num="164" type="stmt" count="14"/>
        <line num="165" type="stmt" count="14"/>
        <line num="166" type="stmt" count="14"/>
        <line num="167" type="stmt" count="14"/>
        <line num="168" type="stmt" count="14"/>
        <line num="170" type="stmt" count="14"/>
        <metrics loc="171" ncloc="153" classes="1" methods="6" coveredmethods="4" conditionals="0" coveredconditionals="0" statements="84" coveredstatements="73" elements="90" coveredelements="77"/>
      </file>
      <file name="/Users/rvn.plvhx/learn/php/psr7-http-message/src/Stream.php">
        <class name="Stream" namespace="Gandung\Psr7">
          <metrics complexity="3" methods="1" coveredmethods="1" conditionals="0" coveredconditionals="0" statements="9" coveredstatements="9" elements="10" coveredelements="10"/>
        </class>
        <line num="31" type="method" name="__construct" visibility="public" complexity="3" crap="3" count="45"/>
        <line num="33" type="stmt" count="45"/>
        <line num="34" type="stmt" count="45"/>
        <line num="35" type="stmt" count="45"/>
        <line num="36" type="stmt" count="45"/>
        <line num="37" type="stmt" count="45"/>
        <line num="38" type="stmt" count="45"/>
        <line num="39" type="stmt" count="45"/>
        <line num="40" type="stmt" count="45"/>
        <line num="41" type="stmt" count="45"/>
        <metrics loc="41" ncloc="29" classes="1" methods="1" coveredmethods="1" conditionals="0" coveredconditionals="0" statements="9" coveredstatements="9" elements="10" coveredelements="10"/>
      </file>
      <file name="/Users/rvn.plvhx/learn/php/psr7-http-message/src/StreamTrait.php">
        <class name="StreamTrait" namespace="Gandung\Psr7">
          <metrics complexity="28" methods="15" coveredmethods="11" conditionals="0" coveredconditionals="0" statements="64" coveredstatements="51" elements="79" coveredelements="62"/>
        </class>
        <line num="10" type="method" name="__toString" visibility="public" complexity="1" crap="1" count="13"/>
        <line num="12" type="stmt" count="13"/>
        <line num="14" type="stmt" count="13"/>
        <line num="20" type="method" name="close" visibility="public" complexity="1" crap="1" count="52"/>
        <line num="22" type="stmt" count="52"/>
        <line num="23" type="stmt" count="52"/>
        <line num="24" type="stmt" count="52"/>
        <line num="29" type="method" name="detach" visibility="public" complexity="1" crap="1" count="55"/>
        <line num="31" type="stmt" count="55"/>
        <line num="32" type="stmt" count="55"/>
        <line num="33" type="stmt" count="55"/>
        <line num="38" type="method" name="getSize" visibility="public" complexity="2" crap="2" count="24"/>
        <line num="40" type="stmt" count="24"/>
        <line num="42" type="stmt" count="24"/>
        <line num="43" type="stmt" count="24"/>
        <line num="44" type="stmt" count="24"/>
        <line num="50" type="method" name="tell" visibility="public" complexity="2" crap="2.26" count="28"/>
        <line num="52" type="stmt" count="28"/>
        <line num="54" type="stmt" count="28"/>
        <line num="55" type="stmt" count="0"/>
        <line num="57" type="stmt" count="0"/>
        <line num="60" type="stmt" count="28"/>
        <line num="66" type="method" name="eof" visibility="public" complexity="1" crap="1" count="7"/>
        <line num="68" type="stmt" count="7"/>
        <line num="74" type="method" name="isSeekable" visibility="public" complexity="1" crap="1" count="23"/>
        <line num="76" type="stmt" count="23"/>
        <line num="82" type="method" name="seek" visibility="public" complexity="3" crap="5.67" count="20"/>
        <line num="84" type="stmt" count="20"/>
        <line num="85" type="stmt" count="0"/>
        <line num="87" type="stmt" count="0"/>
        <line num="90" type="stmt" count="20"/>
        <line num="92" type="stmt" count="20"/>
        <line num="93" type="stmt" count="0"/>
        <line num="94" type="stmt" count="0"/>
        <line num="95" type="stmt" count="0"/>
        <line num="96" type="stmt" count="0"/>
        <line num="98" type="stmt" count="0"/>
        <line num="99" type="stmt" count="0"/>
        <line num="101" type="stmt" count="20"/>
        <line num="106" type="method" name="rewind" visibility="public" complexity="1" crap="1" count="17"/>
        <line num="108" type="stmt" count="17"/>
        <line num="109" type="stmt" count="17"/>
        <line num="114" type="method" name="isWritable" visibility="public" complexity="2" crap="2" count="3"/>
        <line num="116" type="stmt" count="3"/>
        <line num="117" type="stmt" count="3"/>
        <line num="118" type="stmt" count="3"/>
        <line num="124" type="method" name="isReadable" visibility="public" complexity="2" crap="2" count="4"/>
        <line num="126" type="stmt" count="4"/>
        <line num="127" type="stmt" count="4"/>
        <line num="128" type="stmt" count="4"/>
        <line num="134" type="method" name="write" visibility="public" complexity="3" crap="3" count="22"/>
        <line num="136" type="stmt" count="22"/>
        <line num="137" type="stmt" count="1"/>
        <line num="139" type="stmt" count="1"/>
        <line num="142" type="stmt" count="21"/>
        <line num="144" type="stmt" count="21"/>
        <line num="145" type="stmt" count="1"/>
        <line num="147" type="stmt" count="1"/>
        <line num="149" type="stmt" count="20"/>
        <line num="154" type="method" name="read" visibility="public" complexity="3" crap="3.14" count="22"/>
        <line num="156" type="stmt" count="22"/>
        <line num="157" type="stmt" count="7"/>
        <line num="159" type="stmt" count="7"/>
        <line num="162" type="stmt" count="21"/>
        <line num="164" type="stmt" count="21"/>
        <line num="165" type="stmt" count="0"/>
        <line num="167" type="stmt" count="0"/>
        <line num="170" type="stmt" count="21"/>
        <line num="176" type="method" name="getContents" visibility="public" complexity="2" crap="2" count="17"/>
        <line num="178" type="stmt" count="17"/>
        <line num="179" type="stmt" count="10"/>
        <line num="180" type="stmt" count="10"/>
        <line num="182" type="stmt" count="17"/>
        <line num="188" type="method" name="getMetadata" visibility="public" complexity="3" crap="3.07" count="3"/>
        <line num="190" type="stmt" count="3"/>
        <line num="191" type="stmt" count="3"/>
        <line num="192" type="stmt" count="3"/>
        <line num="193" type="stmt" count="0"/>
        <line num="194" type="stmt" count="3"/>
        <metrics loc="195" ncloc="150" classes="1" methods="15" coveredmethods="11" conditionals="0" coveredconditionals="0" statements="64" coveredstatements="51" elements="79" coveredelements="62"/>
      </file>
      <file name="/Users/rvn.plvhx/learn/php/psr7-http-message/src/UploadedFile.php">
        <class name="UploadedFile" namespace="Gandung\Psr7">
          <metrics complexity="29" methods="8" coveredmethods="4" conditionals="0" coveredconditionals="0" statements="87" coveredstatements="73" elements="95" coveredelements="77"/>
        </class>
        <line num="64" type="method" name="__construct" visibility="public" complexity="4" crap="4" count="25"/>
        <line num="71" type="stmt" count="25"/>
        <line num="72" type="stmt" count="25"/>
        <line num="73" type="stmt" count="25"/>
        <line num="74" type="stmt" count="25"/>
        <line num="75" type="stmt" count="25"/>
        <line num="76" type="stmt" count="25"/>
        <line num="77" type="stmt" count="25"/>
        <line num="78" type="stmt" count="25"/>
        <line num="79" type="stmt" count="25"/>
        <line num="80" type="stmt" count="25"/>
        <line num="81" type="stmt" count="25"/>
        <line num="82" type="stmt" count="25"/>
        <line num="83" type="stmt" count="25"/>
        <line num="84" type="stmt" count="25"/>
        <line num="89" type="method" name="getStream" visibility="public" complexity="4" crap="4.04" count="3"/>
        <line num="91" type="stmt" count="3"/>
        <line num="92" type="stmt" count="1"/>
        <line num="93" type="stmt" count="1"/>
        <line num="94" type="stmt" count="1"/>
        <line num="95" type="stmt" count="1"/>
        <line num="96" type="stmt" count="1"/>
        <line num="97" type="stmt" count="1"/>
        <line num="98" type="stmt" count="1"/>
        <line num="101" type="stmt" count="2"/>
        <line num="102" type="stmt" count="1"/>
        <line num="104" type="stmt" count="1"/>
        <line num="107" type="stmt" count="2"/>
        <line num="108" type="stmt" count="0"/>
        <line num="109" type="stmt" count="0"/>
        <line num="111" type="stmt" count="2"/>
        <line num="117" type="method" name="moveTo" visibility="public" complexity="11" crap="11.38" count="5"/>
        <line num="119" type="stmt" count="5"/>
        <line num="120" type="stmt" count="1"/>
        <line num="122" type="stmt" count="1"/>
        <line num="125" type="stmt" count="5"/>
        <line num="126" type="stmt" count="1"/>
        <line num="127" type="stmt" count="1"/>
        <line num="128" type="stmt" count="1"/>
        <line num="129" type="stmt" count="1"/>
        <line num="130" type="stmt" count="1"/>
        <line num="131" type="stmt" count="1"/>
        <line num="132" type="stmt" count="1"/>
        <line num="135" type="stmt" count="4"/>
        <line num="136" type="stmt" count="1"/>
        <line num="137" type="stmt" count="1"/>
        <line num="138" type="stmt" count="1"/>
        <line num="141" type="stmt" count="3"/>
        <line num="143" type="stmt" count="3"/>
        <line num="144" type="stmt" count="1"/>
        <line num="145" type="stmt" count="1"/>
        <line num="146" type="stmt" count="1"/>
        <line num="148" type="stmt" count="1"/>
        <line num="149" type="stmt" count="1"/>
        <line num="152" type="stmt" count="2"/>
        <line num="154" type="stmt" count="2"/>
        <line num="155" type="stmt" count="2"/>
        <line num="156" type="stmt" count="2"/>
        <line num="157" type="stmt" count="2"/>
        <line num="158" type="stmt" count="0"/>
        <line num="159" type="stmt" count="0"/>
        <line num="160" type="stmt" count="0"/>
        <line num="162" type="stmt" count="0"/>
        <line num="163" type="stmt" count="0"/>
        <line num="165" type="stmt" count="2"/>
        <line num="166" type="stmt" count="2"/>
        <line num="171" type="method" name="getSize" visibility="public" complexity="3" crap="3.04" count="1"/>
        <line num="173" type="stmt" count="1"/>
        <line num="175" type="stmt" count="1"/>
        <line num="176" type="stmt" count="1"/>
        <line num="177" type="stmt" count="1"/>
        <line num="178" type="stmt" count="0"/>
        <line num="179" type="stmt" count="1"/>
        <line num="185" type="method" name="getError" visibility="public" complexity="1" crap="1" count="1"/>
        <line num="187" type="stmt" count="1"/>
        <line num="193" type="method" name="getClientFilename" visibility="public" complexity="1" crap="1" count="1"/>
        <line num="195" type="stmt" count="1"/>
        <line num="201" type="method" name="getClientMediaType" visibility="public" complexity="1" crap="1" count="1"/>
        <line num="203" type="stmt" count="1"/>
        <line num="206" type="method" name="writeIntoFile" visibility="private" complexity="4" crap="5.02" count="2"/>
        <line num="208" type="stmt" count="2"/>
        <line num="210" type="stmt" count="2"/>
        <line num="211" type="stmt" count="0"/>
        <line num="213" type="stmt" count="0"/>
        <line num="216" type="stmt" count="2"/>
        <line num="218" type="stmt" count="2"/>
        <line num="219" type="stmt" count="0"/>
        <line num="221" type="stmt" count="0"/>
        <line num="224" type="stmt" count="2"/>
        <line num="225" type="stmt" count="2"/>
        <line num="227" type="stmt" count="2"/>
        <line num="228" type="stmt" count="0"/>
        <line num="230" type="stmt" count="0"/>
        <line num="233" type="stmt" count="2"/>
        <line num="234" type="stmt" count="2"/>
        <metrics loc="234" ncloc="189" classes="1" methods="8" coveredmethods="4" conditionals="0" coveredconditionals="0" statements="87" coveredstatements="73" elements="95" coveredelements="77"/>
      </file>
      <file name="/Users/rvn.plvhx/learn/php/psr7-http-message/src/Uri.php">
        <class name="Uri" namespace="Gandung\Psr7">
          <metrics complexity="56" methods="17" coveredmethods="10" conditionals="0" coveredconditionals="0" statements="117" coveredstatements="100" elements="134" coveredelements="110"/>
        </class>
        <line num="83" type="method" name="__construct" visibility="public" complexity="9" crap="9" count="47"/>
        <line num="85" type="stmt" count="47"/>
        <line num="87" type="stmt" count="47"/>
        <line num="88" type="stmt" count="47"/>
        <line num="89" type="stmt" count="47"/>
        <line num="90" type="stmt" count="47"/>
        <line num="91" type="stmt" count="47"/>
        <line num="92" type="stmt" count="47"/>
        <line num="93" type="stmt" count="47"/>
        <line num="94" type="stmt" count="47"/>
        <line num="95" type="stmt" count="47"/>
        <line num="100" type="method" name="getScheme" visibility="public" complexity="2" crap="2" count="8"/>
        <line num="102" type="stmt" count="8"/>
        <line num="108" type="method" name="getAuthority" visibility="public" complexity="5" crap="5" count="7"/>
        <line num="110" type="stmt" count="7"/>
        <line num="111" type="stmt" count="7"/>
        <line num="112" type="stmt" count="7"/>
        <line num="113" type="stmt" count="7"/>
        <line num="114" type="stmt" count="7"/>
        <line num="115" type="stmt" count="7"/>
        <line num="116" type="stmt" count="7"/>
        <line num="117" type="stmt" count="7"/>
        <line num="118" type="stmt" count="7"/>
        <line num="119" type="stmt" count="7"/>
        <line num="120" type="stmt" count="7"/>
        <line num="121" type="stmt" count="7"/>
        <line num="122" type="stmt" count="7"/>
        <line num="123" type="stmt" count="7"/>
        <line num="125" type="stmt" count="7"/>
        <line num="131" type="method" name="getUserInfo" visibility="public" complexity="3" crap="3" count="8"/>
        <line num="133" type="stmt" count="8"/>
        <line num="134" type="stmt" count="8"/>
        <line num="135" type="stmt" count="8"/>
        <line num="136" type="stmt" count="8"/>
        <line num="137" type="stmt" count="8"/>
        <line num="138" type="stmt" count="8"/>
        <line num="139" type="stmt" count="8"/>
        <line num="141" type="stmt" count="8"/>
        <line num="147" type="method" name="getHost" visibility="public" complexity="2" crap="2" count="8"/>
        <line num="149" type="stmt" count="8"/>
        <line num="155" type="method" name="getPort" visibility="public" complexity="5" crap="5.07" count="8"/>
        <line num="157" type="stmt" count="8"/>
        <line num="158" type="stmt" count="0"/>
        <line num="161" type="stmt" count="8"/>
        <line num="162" type="stmt" count="8"/>
        <line num="163" type="stmt" count="8"/>
        <line num="164" type="stmt" count="8"/>
        <line num="165" type="stmt" count="8"/>
        <line num="171" type="method" name="getPath" visibility="public" complexity="2" crap="2" count="9"/>
        <line num="173" type="stmt" count="9"/>
        <line num="174" type="stmt" count="9"/>
        <line num="175" type="stmt" count="9"/>
        <line num="181" type="method" name="getQuery" visibility="public" complexity="2" crap="2" count="8"/>
        <line num="183" type="stmt" count="8"/>
        <line num="184" type="stmt" count="8"/>
        <line num="185" type="stmt" count="8"/>
        <line num="191" type="method" name="getFragment" visibility="public" complexity="2" crap="2" count="7"/>
        <line num="193" type="stmt" count="7"/>
        <line num="194" type="stmt" count="7"/>
        <line num="195" type="stmt" count="7"/>
        <line num="201" type="method" name="withScheme" visibility="public" complexity="2" crap="2.31" count="19"/>
        <line num="203" type="stmt" count="19"/>
        <line num="204" type="stmt" count="0"/>
        <line num="205" type="stmt" count="0"/>
        <line num="206" type="stmt" count="0"/>
        <line num="209" type="stmt" count="19"/>
        <line num="210" type="stmt" count="19"/>
        <line num="212" type="stmt" count="19"/>
        <line num="218" type="method" name="withUserInfo" visibility="public" complexity="2" crap="2.02" count="4"/>
        <line num="220" type="stmt" count="4"/>
        <line num="221" type="stmt" count="4"/>
        <line num="222" type="stmt" count="4"/>
        <line num="223" type="stmt" count="4"/>
        <line num="224" type="stmt" count="0"/>
        <line num="226" type="stmt" count="4"/>
        <line num="232" type="method" name="withHost" visibility="public" complexity="2" crap="2.31" count="19"/>
        <line num="234" type="stmt" count="19"/>
        <line num="235" type="stmt" count="0"/>
        <line num="236" type="stmt" count="0"/>
        <line num="237" type="stmt" count="0"/>
        <line num="240" type="stmt" count="19"/>
        <line num="241" type="stmt" count="19"/>
        <line num="243" type="stmt" count="19"/>
        <line num="249" type="method" name="withPort" visibility="public" complexity="2" crap="2.31" count="18"/>
        <line num="251" type="stmt" count="18"/>
        <line num="252" type="stmt" count="0"/>
        <line num="253" type="stmt" count="0"/>
        <line num="254" type="stmt" count="0"/>
        <line num="257" type="stmt" count="18"/>
        <line num="258" type="stmt" count="18"/>
        <line num="260" type="stmt" count="18"/>
        <line num="266" type="method" name="withPath" visibility="public" complexity="2" crap="2.31" count="19"/>
        <line num="268" type="stmt" count="19"/>
        <line num="269" type="stmt" count="0"/>
        <line num="270" type="stmt" count="0"/>
        <line num="271" type="stmt" count="0"/>
        <line num="274" type="stmt" count="19"/>
        <line num="275" type="stmt" count="19"/>
        <line num="277" type="stmt" count="19"/>
        <line num="283" type="method" name="withQuery" visibility="public" complexity="2" crap="2.31" count="18"/>
        <line num="285" type="stmt" count="18"/>
        <line num="286" type="stmt" count="0"/>
        <line num="287" type="stmt" count="0"/>
        <line num="288" type="stmt" count="0"/>
        <line num="291" type="stmt" count="18"/>
        <line num="292" type="stmt" count="18"/>
        <line num="294" type="stmt" count="18"/>
        <line num="300" type="method" name="withFragment" visibility="public" complexity="1" crap="1" count="4"/>
        <line num="302" type="stmt" count="4"/>
        <line num="303" type="stmt" count="4"/>
        <line num="305" type="stmt" count="4"/>
        <line num="311" type="method" name="__toString" visibility="public" complexity="11" crap="11" count="6"/>
        <line num="313" type="stmt" count="6"/>
        <line num="314" type="stmt" count="6"/>
        <line num="315" type="stmt" count="6"/>
        <line num="316" type="stmt" count="6"/>
        <line num="317" type="stmt" count="6"/>
        <line num="318" type="stmt" count="6"/>
        <line num="319" type="stmt" count="6"/>
        <line num="320" type="stmt" count="6"/>
        <line num="321" type="stmt" count="6"/>
        <line num="322" type="stmt" count="6"/>
        <line num="323" type="stmt" count="6"/>
        <line num="324" type="stmt" count="6"/>
        <line num="325" type="stmt" count="6"/>
        <line num="326" type="stmt" count="6"/>
        <line num="327" type="stmt" count="6"/>
        <line num="328" type="stmt" count="6"/>
        <line num="329" type="stmt" count="6"/>
        <line num="330" type="stmt" count="6"/>
        <line num="331" type="stmt" count="6"/>
        <line num="332" type="stmt" count="6"/>
        <line num="333" type="stmt" count="6"/>
        <line num="335" type="stmt" count="6"/>
        <metrics loc="336" ncloc="249" classes="1" methods="17" coveredmethods="10" conditionals="0" coveredconditionals="0" statements="117" coveredstatements="100" elements="134" coveredelements="110"/>
      </file>
      <file name="/Users/rvn.plvhx/learn/php/psr7-http-message/src/UriTrait.php">
        <class name="UriTrait" namespace="Gandung\Psr7">
          <metrics complexity="13" methods="4" coveredmethods="3" conditionals="0" coveredconditionals="0" statements="19" coveredstatements="18" elements="23" coveredelements="21"/>
        </class>
        <line num="7" type="method" name="validateScheme" visibility="protected" complexity="3" crap="3" count="19"/>
        <line num="9" type="stmt" count="19"/>
        <line num="10" type="stmt" count="19"/>
        <line num="11" type="stmt" count="19"/>
        <line num="14" type="method" name="validateHost" visibility="protected" complexity="3" crap="3" count="19"/>
        <line num="18" type="stmt" count="19"/>
        <line num="19" type="stmt" count="19"/>
        <line num="20" type="stmt" count="19"/>
        <line num="21" type="stmt" count="19"/>
        <line num="22" type="stmt" count="19"/>
        <line num="24" type="stmt" count="19"/>
        <line num="25" type="stmt" count="19"/>
        <line num="26" type="stmt" count="19"/>
        <line num="29" type="method" name="validatePort" visibility="protected" complexity="4" crap="4.13" count="18"/>
        <line num="31" type="stmt" count="18"/>
        <line num="32" type="stmt" count="18"/>
        <line num="33" type="stmt" count="18"/>
        <line num="34" type="stmt" count="0"/>
        <line num="35" type="stmt" count="18"/>
        <line num="38" type="method" name="validatePath" visibility="protected" complexity="3" crap="3" count="19"/>
        <line num="39" type="stmt" count="19"/>
        <line num="40" type="stmt" count="19"/>
        <line num="41" type="stmt" count="19"/>
        <metrics loc="42" ncloc="42" classes="1" methods="4" coveredmethods="3" conditionals="0" coveredconditionals="0" statements="19" coveredstatements="18" elements="23" coveredelements="21"/>
      </file>
    </package>
    <metrics files="14" loc="1933" ncloc="1518" classes="14" methods="98" coveredmethods="69" conditionals="0" coveredconditionals="0" statements="625" coveredstatements="547" elements="723" coveredelements="616"/>
  </project>
</coverage>
